<?xml version="1.0" encoding="UTF-8"?>
<!-- Generated by org.testng.reporters.JUnitReportReporter -->
<testsuite skipped="0" hostname="DESKTOP-LKM5JTJ" name="com.qa.saucedemo.tests.HomePageTest" tests="4" failures="0" timestamp="25 Apr 2023 20:19:43 GMT" time="13.711" errors="0">
  <testcase name="getfirstItemTextTest" time="0.351" classname="com.qa.saucedemo.tests.HomePageTest"/>
  <testcase name="getfirstItemPriceTest" time="0.091" classname="com.qa.saucedemo.tests.HomePageTest"/>
  <testcase name="addToCartTest" time="2.285" classname="com.qa.saucedemo.tests.HomePageTest"/>
  <testcase name="clickAboutLinkTest" time="10.984" classname="com.qa.saucedemo.tests.HomePageTest"/>
</testsuite> <!-- com.qa.saucedemo.tests.HomePageTest -->
