<?xml version="1.0" encoding="UTF-8"?>
<!-- Generated by org.testng.reporters.JUnitReportReporter -->
<testsuite skipped="0" hostname="DESKTOP-LKM5JTJ" name="com.qa.saucedemo.tests.LoginPageTest" tests="4" failures="0" timestamp="25 Apr 2023 20:25:07 GMT" time="1.818" errors="0">
  <testcase name="loginPageTitleTest" time="0.254" classname="com.qa.saucedemo.tests.LoginPageTest"/>
  <testcase name="loginPageURLTest" time="0.021" classname="com.qa.saucedemo.tests.LoginPageTest"/>
  <testcase name="loginPageHeaderTest" time="0.101" classname="com.qa.saucedemo.tests.LoginPageTest"/>
  <testcase name="doLoginTest" time="1.442" classname="com.qa.saucedemo.tests.LoginPageTest"/>
</testsuite> <!-- com.qa.saucedemo.tests.LoginPageTest -->
